2022-05-16 15:05:887 INFO  ManageDriver :33 - Launching Chrome Browser
2022-05-16 15:05:664 INFO  HomePage :46 - Clicking on sign in click[[ChromeDriver: chrome on WINDOWS (f010f6df8749531163268b64e25c1cc6)] -> xpath: //a[contains(text(),'Sign in')]]<br>
2022-05-16 15:05:935 INFO  CreateAccountPage :105 - Enter email juhichavla@gmail.com to email field [[ChromeDriver: chrome on WINDOWS (f010f6df8749531163268b64e25c1cc6)] -> xpath: //input[@id='email_create']]<br>
2022-05-16 15:05:128 INFO  CreateAccountPage :111 - Clicking on CreateAccount[[ChromeDriver: chrome on WINDOWS (f010f6df8749531163268b64e25c1cc6)] -> xpath: //body[1]/div[1]/div[2]/div[1]/div[3]/div[1]/div[1]/div[1]/form[1]/div[1]/div[3]/button[1]/span[1]]<br>
2022-05-16 15:05:908 INFO  ManageDriver :33 - Launching Chrome Browser
2022-05-16 15:05:556 INFO  HomePage :46 - Clicking on sign in click[[ChromeDriver: chrome on WINDOWS (22571f934350d1f0fa693ecbe60b21e0)] -> xpath: //a[contains(text(),'Sign in')]]<br>
2022-05-16 15:05:884 INFO  CreateAccountPage :105 - Enter email juhichavla1@gmail.com to email field [[ChromeDriver: chrome on WINDOWS (22571f934350d1f0fa693ecbe60b21e0)] -> xpath: //input[@id='email_create']]<br>
2022-05-16 15:05:60 INFO  CreateAccountPage :111 - Clicking on CreateAccount[[ChromeDriver: chrome on WINDOWS (22571f934350d1f0fa693ecbe60b21e0)] -> xpath: //body[1]/div[1]/div[2]/div[1]/div[3]/div[1]/div[1]/div[1]/form[1]/div[1]/div[3]/button[1]/span[1]]<br>
2022-05-16 15:05:921 INFO  CreateAccountPage :216 - Enter first name Neha to first name field [[ChromeDriver: chrome on WINDOWS (22571f934350d1f0fa693ecbe60b21e0)] -> xpath: //input[@id='customer_firstname']]<br>
2022-05-16 15:05:192 INFO  CreateAccountPage :221 - Enter last name Mittal to last name field [[ChromeDriver: chrome on WINDOWS (22571f934350d1f0fa693ecbe60b21e0)] -> xpath: //input[@id='customer_lastname']]<br>
2022-05-16 15:05:508 INFO  CreateAccountPage :210 - Enter password juhi2022 to email field [[ChromeDriver: chrome on WINDOWS (22571f934350d1f0fa693ecbe60b21e0)] -> xpath: //input[@id='passwd']]<br>
2022-05-16 15:05:730 INFO  CreateAccountPage :195 - selecting day12[[ChromeDriver: chrome on WINDOWS (22571f934350d1f0fa693ecbe60b21e0)] -> xpath: //select[@id='days']]<br>
2022-05-16 15:05:899 INFO  CreateAccountPage :200 - selecting month10[[ChromeDriver: chrome on WINDOWS (22571f934350d1f0fa693ecbe60b21e0)] -> id: months]<br>
2022-05-16 15:05:73 INFO  CreateAccountPage :205 - Selecting year 1987 from dropdown [[ChromeDriver: chrome on WINDOWS (22571f934350d1f0fa693ecbe60b21e0)] -> id: years]<br>
2022-05-16 15:05:199 INFO  CreateAccountPage :129 - Clicking on newsletter signup[[ChromeDriver: chrome on WINDOWS (22571f934350d1f0fa693ecbe60b21e0)] -> xpath: //input[@id='newsletter']]<br>
2022-05-16 15:05:361 INFO  CreateAccountPage :190 - Clicking on special offer click[[ChromeDriver: chrome on WINDOWS (22571f934350d1f0fa693ecbe60b21e0)] -> xpath: //input[@id='optin']]<br>
2022-05-16 15:05:508 INFO  CreateAccountPage :216 - Enter first name Juhi to first name field [[ChromeDriver: chrome on WINDOWS (22571f934350d1f0fa693ecbe60b21e0)] -> xpath: //input[@id='customer_firstname']]<br>
2022-05-16 15:05:676 INFO  CreateAccountPage :221 - Enter last name Chavla to last name field [[ChromeDriver: chrome on WINDOWS (22571f934350d1f0fa693ecbe60b21e0)] -> xpath: //input[@id='customer_lastname']]<br>
2022-05-16 15:05:938 INFO  CreateAccountPage :235 - Enter text Everystep Ltd to email field [[ChromeDriver: chrome on WINDOWS (22571f934350d1f0fa693ecbe60b21e0)] -> xpath: //input[@id='company']]<br>
2022-05-16 15:05:141 INFO  CreateAccountPage :134 - Enter address 17 Lyon Road to email field [[ChromeDriver: chrome on WINDOWS (22571f934350d1f0fa693ecbe60b21e0)] -> xpath: //input[@id='address1']]<br>
2022-05-16 15:05:337 INFO  CreateAccountPage :144 - Enter city London to email field [[ChromeDriver: chrome on WINDOWS (22571f934350d1f0fa693ecbe60b21e0)] -> xpath: //input[@id='city']]<br>
2022-05-16 15:05:510 INFO  CreateAccountPage :149 - Selecting state Ohio from dropdown [[ChromeDriver: chrome on WINDOWS (22571f934350d1f0fa693ecbe60b21e0)] -> xpath: //select[@id='id_state']]<br>
2022-05-16 15:05:722 INFO  CreateAccountPage :154 - Enter code 32145 to email field [[ChromeDriver: chrome on WINDOWS (22571f934350d1f0fa693ecbe60b21e0)] -> xpath: //input[@id='postcode']]<br>
2022-05-16 15:05:825 INFO  CreateAccountPage :159 - Selecting country United States from dropdown [[ChromeDriver: chrome on WINDOWS (22571f934350d1f0fa693ecbe60b21e0)] -> xpath: //select[@id='id_country']]<br>
2022-05-16 15:05:948 INFO  CreateAccountPage :164 - Enter additional Information Hello to email field [[ChromeDriver: chrome on WINDOWS (22571f934350d1f0fa693ecbe60b21e0)] -> xpath: //textarea[@id='other']]<br>
2022-05-16 15:05:122 INFO  CreateAccountPage :169 - Enter Phone 123456789 to email field [[ChromeDriver: chrome on WINDOWS (22571f934350d1f0fa693ecbe60b21e0)] -> xpath: //input[@id='phone']]<br>
2022-05-16 15:05:280 INFO  CreateAccountPage :174 - Enter mP hone08545256589 to email field [[ChromeDriver: chrome on WINDOWS (22571f934350d1f0fa693ecbe60b21e0)] -> xpath: //input[@id='phone_mobile']]<br>
2022-05-16 15:05:435 INFO  CreateAccountPage :179 - Enter assign address My address to email field [[ChromeDriver: chrome on WINDOWS (22571f934350d1f0fa693ecbe60b21e0)] -> xpath: //input[@id='alias']]<br>
2022-05-16 15:05:429 INFO  CreateAccountPage :184 - Clicking on register Btn Click [[ChromeDriver: chrome on WINDOWS (22571f934350d1f0fa693ecbe60b21e0)] -> xpath: //body[1]/div[1]/div[2]/div[1]/div[3]/div[1]/div[1]/form[1]/div[4]/button[1]/span[1]]<br>
2022-05-16 15:05:509 INFO  CreateAccountPage :114 - getting varify Myaccount Text  from [[ChromeDriver: chrome on WINDOWS (22571f934350d1f0fa693ecbe60b21e0)] -> xpath: //h1[contains(text(),'My account')]]<br>
2022-05-16 15:05:887 INFO  ManageDriver :33 - Launching Chrome Browser
2022-05-16 15:05:833 INFO  HomePage :52 - Clicking on woman top Menu[[ChromeDriver: chrome on WINDOWS (5f31a9bf31097ffad4955f973c944f67)] -> xpath: //a[@title='Women']]<br>
2022-05-16 16:05:684 INFO  ManageDriver :33 - Launching Chrome Browser
2022-05-16 16:05:486 INFO  HomePage :52 - Clicking on woman top Menu[[ChromeDriver: chrome on WINDOWS (23fcccfa9e3bf78060c394166f195efb)] -> xpath: //a[@title='Women']]<br>
2022-05-16 16:05:208 INFO  ProductPage :162 - Clicking on Blouse [[ChromeDriver: chrome on WINDOWS (23fcccfa9e3bf78060c394166f195efb)] -> xpath: //body/div[@id='page']/div[2]/div[1]/div[3]/div[2]/ul[1]/li[2]/div[1]/div[2]/h5[1]/a[1]]
2022-05-16 16:05:337 INFO  ProductPage :99 - Clicking on clear Qty [[ChromeDriver: chrome on WINDOWS (23fcccfa9e3bf78060c394166f195efb)] -> xpath: //input[@id='quantity_wanted']]<br>
2022-05-16 16:05:460 INFO  ProductPage :104 - Enter text 2 to email field [[ChromeDriver: chrome on WINDOWS (23fcccfa9e3bf78060c394166f195efb)] -> xpath: //select[@id='group_1']]<br>
2022-05-16 16:05:651 INFO  ProductPage :109 - Selecting text M from dropdown [[ChromeDriver: chrome on WINDOWS (23fcccfa9e3bf78060c394166f195efb)] -> xpath: //select[@id='group_1']]<br>
2022-05-16 16:05:731 INFO  ProductPage :114 - Clicking on colour [[ChromeDriver: chrome on WINDOWS (23fcccfa9e3bf78060c394166f195efb)] -> xpath: //label[contains(text(),'Color')]]<br>
2022-05-16 16:05:825 INFO  ProductPage :119 - Clicking on addtoCart [[ChromeDriver: chrome on WINDOWS (23fcccfa9e3bf78060c394166f195efb)] -> xpath: //span[contains(text(),'Add to cart')]]<br>
2022-05-16 16:05:860 INFO  ProductPage :89 - getting Product Added To CartMessage from [[ChromeDriver: chrome on WINDOWS (23fcccfa9e3bf78060c394166f195efb)] -> xpath: //h2[normalize-space()='Product successfully added to your shopping cart']]
2022-05-16 16:05:961 INFO  ProductPage :85 - Clicking on CloseButton[[ChromeDriver: chrome on WINDOWS (23fcccfa9e3bf78060c394166f195efb)] -> xpath: //span[@title='Close window']]
2022-05-16 16:05:395 INFO  ManageDriver :33 - Launching Chrome Browser
2022-05-16 16:05:838 INFO  HomePage :52 - Clicking on woman top Menu[[ChromeDriver: chrome on WINDOWS (dd6ffbe50ac9205c8c11ba2c3ba43acf)] -> xpath: //a[@title='Women']]<br>
2022-05-16 16:05:978 INFO  ManageDriver :33 - Launching Chrome Browser
2022-05-16 16:05:583 INFO  HomePage :52 - Clicking on woman top Menu[[ChromeDriver: chrome on WINDOWS (8ce6a82625a993774c86fd6f91c79796)] -> xpath: //a[@title='Women']]<br>
2022-05-16 16:05:810 INFO  ProductPage :172 - Clicking on Printed Chiffon Dress [[ChromeDriver: chrome on WINDOWS (8ce6a82625a993774c86fd6f91c79796)] -> xpath: //a[contains(text(),'Printed Chiffon Dress')]]
2022-05-16 16:05:943 INFO  ProductPage :99 - Clicking on clear Qty [[ChromeDriver: chrome on WINDOWS (8ce6a82625a993774c86fd6f91c79796)] -> xpath: //input[@id='quantity_wanted']]<br>
2022-05-16 16:05:76 INFO  ProductPage :104 - Enter text 4 to email field [[ChromeDriver: chrome on WINDOWS (8ce6a82625a993774c86fd6f91c79796)] -> xpath: //select[@id='group_1']]<br>
2022-05-16 16:05:137 INFO  ProductPage :109 - Selecting text S from dropdown [[ChromeDriver: chrome on WINDOWS (8ce6a82625a993774c86fd6f91c79796)] -> xpath: //select[@id='group_1']]<br>
2022-05-16 16:05:229 INFO  ProductPage :114 - Clicking on colour [[ChromeDriver: chrome on WINDOWS (8ce6a82625a993774c86fd6f91c79796)] -> xpath: //label[contains(text(),'Color')]]<br>
2022-05-16 16:05:327 INFO  ProductPage :119 - Clicking on addtoCart [[ChromeDriver: chrome on WINDOWS (8ce6a82625a993774c86fd6f91c79796)] -> xpath: //span[contains(text(),'Add to cart')]]<br>
2022-05-16 16:05:351 INFO  ProductPage :89 - getting Product Added To CartMessage from [[ChromeDriver: chrome on WINDOWS (8ce6a82625a993774c86fd6f91c79796)] -> xpath: //h2[normalize-space()='Product successfully added to your shopping cart']]
2022-05-16 16:05:430 INFO  ProductPage :85 - Clicking on CloseButton[[ChromeDriver: chrome on WINDOWS (8ce6a82625a993774c86fd6f91c79796)] -> xpath: //span[@title='Close window']]
2022-05-16 16:05:587 INFO  ManageDriver :33 - Launching Chrome Browser
2022-05-16 16:05:446 INFO  HomePage :52 - Clicking on woman top Menu[[ChromeDriver: chrome on WINDOWS (d41904163041ce3d13f8687aefdde18d)] -> xpath: //a[@title='Women']]<br>
2022-05-16 16:05:312 INFO  ProductPage :176 - Clicking on Printed Summer Dress with Price tag $28.98 [[ChromeDriver: chrome on WINDOWS (d41904163041ce3d13f8687aefdde18d)] -> xpath: //body/div[@id='page']/div[2]/div[1]/div[3]/div[2]/ul[1]/li[4]/div[1]/div[2]/h5[1]/a[1]]
2022-05-16 16:05:414 INFO  ProductPage :99 - Clicking on clear Qty [[ChromeDriver: chrome on WINDOWS (d41904163041ce3d13f8687aefdde18d)] -> xpath: //input[@id='quantity_wanted']]<br>
2022-05-16 16:05:543 INFO  ProductPage :104 - Enter text 2 to email field [[ChromeDriver: chrome on WINDOWS (d41904163041ce3d13f8687aefdde18d)] -> xpath: //select[@id='group_1']]<br>
2022-05-16 16:05:733 INFO  ProductPage :109 - Selecting text M from dropdown [[ChromeDriver: chrome on WINDOWS (d41904163041ce3d13f8687aefdde18d)] -> xpath: //select[@id='group_1']]<br>
2022-05-16 16:05:831 INFO  ProductPage :114 - Clicking on colour [[ChromeDriver: chrome on WINDOWS (d41904163041ce3d13f8687aefdde18d)] -> xpath: //label[contains(text(),'Color')]]<br>
2022-05-16 16:05:930 INFO  ProductPage :119 - Clicking on addtoCart [[ChromeDriver: chrome on WINDOWS (d41904163041ce3d13f8687aefdde18d)] -> xpath: //span[contains(text(),'Add to cart')]]<br>
2022-05-16 16:05:969 INFO  ProductPage :89 - getting Product Added To CartMessage from [[ChromeDriver: chrome on WINDOWS (d41904163041ce3d13f8687aefdde18d)] -> xpath: //h2[normalize-space()='Product successfully added to your shopping cart']]
2022-05-16 16:05:45 INFO  ProductPage :85 - Clicking on CloseButton[[ChromeDriver: chrome on WINDOWS (d41904163041ce3d13f8687aefdde18d)] -> xpath: //span[@title='Close window']]
2022-05-16 16:05:109 INFO  ManageDriver :33 - Launching Chrome Browser
2022-05-16 16:05:50 INFO  HomePage :52 - Clicking on woman top Menu[[ChromeDriver: chrome on WINDOWS (afd5ed4d5d405e6887006d7ca7e103e2)] -> xpath: //a[@title='Women']]<br>
2022-05-16 16:05:92 INFO  ProductPage :162 - Clicking on Blouse [[ChromeDriver: chrome on WINDOWS (afd5ed4d5d405e6887006d7ca7e103e2)] -> xpath: //body/div[@id='page']/div[2]/div[1]/div[3]/div[2]/ul[1]/li[2]/div[1]/div[2]/h5[1]/a[1]]
2022-05-16 16:05:301 INFO  ProductPage :99 - Clicking on clear Qty [[ChromeDriver: chrome on WINDOWS (afd5ed4d5d405e6887006d7ca7e103e2)] -> xpath: //input[@id='quantity_wanted']]<br>
2022-05-16 16:05:424 INFO  ProductPage :104 - Enter text 2 to email field [[ChromeDriver: chrome on WINDOWS (afd5ed4d5d405e6887006d7ca7e103e2)] -> xpath: //select[@id='group_1']]<br>
2022-05-16 16:05:680 INFO  ProductPage :109 - Selecting text M from dropdown [[ChromeDriver: chrome on WINDOWS (afd5ed4d5d405e6887006d7ca7e103e2)] -> xpath: //select[@id='group_1']]<br>
2022-05-16 16:05:785 INFO  ProductPage :114 - Clicking on colour [[ChromeDriver: chrome on WINDOWS (afd5ed4d5d405e6887006d7ca7e103e2)] -> xpath: //label[contains(text(),'Color')]]<br>
2022-05-16 16:05:929 INFO  ProductPage :119 - Clicking on addtoCart [[ChromeDriver: chrome on WINDOWS (afd5ed4d5d405e6887006d7ca7e103e2)] -> xpath: //span[contains(text(),'Add to cart')]]<br>
2022-05-16 16:05:970 INFO  ProductPage :89 - getting Product Added To CartMessage from [[ChromeDriver: chrome on WINDOWS (afd5ed4d5d405e6887006d7ca7e103e2)] -> xpath: //h2[normalize-space()='Product successfully added to your shopping cart']]
2022-05-16 16:05:52 INFO  ProductPage :85 - Clicking on CloseButton[[ChromeDriver: chrome on WINDOWS (afd5ed4d5d405e6887006d7ca7e103e2)] -> xpath: //span[@title='Close window']]
2022-05-16 16:05:82 INFO  ManageDriver :33 - Launching Chrome Browser
2022-05-16 16:05:756 INFO  HomePage :52 - Clicking on woman top Menu[[ChromeDriver: chrome on WINDOWS (b1b2feef5585d9387e971355e6133075)] -> xpath: //a[@title='Women']]<br>
2022-05-16 16:05:592 INFO  ProductPage :168 - Clicking on Printed Dress [[ChromeDriver: chrome on WINDOWS (b1b2feef5585d9387e971355e6133075)] -> xpath: //body/div[@id='page']/div[2]/div[1]/div[3]/div[2]/ul[1]/li[3]/div[1]/div[2]/h5[1]/a[1]]
2022-05-16 16:05:687 INFO  ProductPage :99 - Clicking on clear Qty [[ChromeDriver: chrome on WINDOWS (b1b2feef5585d9387e971355e6133075)] -> xpath: //input[@id='quantity_wanted']]<br>
2022-05-16 16:05:802 INFO  ProductPage :104 - Enter text 3 to email field [[ChromeDriver: chrome on WINDOWS (b1b2feef5585d9387e971355e6133075)] -> xpath: //select[@id='group_1']]<br>
2022-05-16 16:05:995 INFO  ProductPage :109 - Selecting text L from dropdown [[ChromeDriver: chrome on WINDOWS (b1b2feef5585d9387e971355e6133075)] -> xpath: //select[@id='group_1']]<br>
2022-05-16 16:05:77 INFO  ProductPage :114 - Clicking on colour [[ChromeDriver: chrome on WINDOWS (b1b2feef5585d9387e971355e6133075)] -> xpath: //label[contains(text(),'Color')]]<br>
2022-05-16 16:05:185 INFO  ProductPage :119 - Clicking on addtoCart [[ChromeDriver: chrome on WINDOWS (b1b2feef5585d9387e971355e6133075)] -> xpath: //span[contains(text(),'Add to cart')]]<br>
2022-05-16 16:05:214 INFO  ProductPage :89 - getting Product Added To CartMessage from [[ChromeDriver: chrome on WINDOWS (b1b2feef5585d9387e971355e6133075)] -> xpath: //h2[normalize-space()='Product successfully added to your shopping cart']]
2022-05-16 16:05:309 INFO  ProductPage :85 - Clicking on CloseButton[[ChromeDriver: chrome on WINDOWS (b1b2feef5585d9387e971355e6133075)] -> xpath: //span[@title='Close window']]
2022-05-16 16:05:178 INFO  ManageDriver :33 - Launching Chrome Browser
2022-05-16 16:05:160 INFO  HomePage :52 - Clicking on woman top Menu[[ChromeDriver: chrome on WINDOWS (2e53add710058f4c12f7c2ee4c4f660b)] -> xpath: //a[@title='Women']]<br>
2022-05-16 16:05:349 INFO  ProductPage :172 - Clicking on Printed Chiffon Dress [[ChromeDriver: chrome on WINDOWS (2e53add710058f4c12f7c2ee4c4f660b)] -> xpath: //a[contains(text(),'Printed Chiffon Dress')]]
2022-05-16 16:05:450 INFO  ProductPage :99 - Clicking on clear Qty [[ChromeDriver: chrome on WINDOWS (2e53add710058f4c12f7c2ee4c4f660b)] -> xpath: //input[@id='quantity_wanted']]<br>
2022-05-16 16:05:561 INFO  ProductPage :104 - Enter text 4 to email field [[ChromeDriver: chrome on WINDOWS (2e53add710058f4c12f7c2ee4c4f660b)] -> xpath: //select[@id='group_1']]<br>
2022-05-16 16:05:633 INFO  ProductPage :109 - Selecting text S from dropdown [[ChromeDriver: chrome on WINDOWS (2e53add710058f4c12f7c2ee4c4f660b)] -> xpath: //select[@id='group_1']]<br>
2022-05-16 16:05:740 INFO  ProductPage :114 - Clicking on colour [[ChromeDriver: chrome on WINDOWS (2e53add710058f4c12f7c2ee4c4f660b)] -> xpath: //label[contains(text(),'Color')]]<br>
2022-05-16 16:05:838 INFO  ProductPage :119 - Clicking on addtoCart [[ChromeDriver: chrome on WINDOWS (2e53add710058f4c12f7c2ee4c4f660b)] -> xpath: //span[contains(text(),'Add to cart')]]<br>
2022-05-16 16:05:868 INFO  ProductPage :89 - getting Product Added To CartMessage from [[ChromeDriver: chrome on WINDOWS (2e53add710058f4c12f7c2ee4c4f660b)] -> xpath: //h2[normalize-space()='Product successfully added to your shopping cart']]
2022-05-16 16:05:950 INFO  ProductPage :85 - Clicking on CloseButton[[ChromeDriver: chrome on WINDOWS (2e53add710058f4c12f7c2ee4c4f660b)] -> xpath: //span[@title='Close window']]
2022-05-16 16:05:78 INFO  ManageDriver :33 - Launching Chrome Browser
2022-05-16 16:05:52 INFO  HomePage :52 - Clicking on woman top Menu[[ChromeDriver: chrome on WINDOWS (70b2148fd22a1f1ee5b6ec436b952bc4)] -> xpath: //a[@title='Women']]<br>
2022-05-16 16:05:221 INFO  ProductPage :176 - Clicking on Printed Summer Dress with Price tag $28.98 [[ChromeDriver: chrome on WINDOWS (70b2148fd22a1f1ee5b6ec436b952bc4)] -> xpath: //body/div[@id='page']/div[2]/div[1]/div[3]/div[2]/ul[1]/li[4]/div[1]/div[2]/h5[1]/a[1]]
2022-05-16 16:05:355 INFO  ProductPage :99 - Clicking on clear Qty [[ChromeDriver: chrome on WINDOWS (70b2148fd22a1f1ee5b6ec436b952bc4)] -> xpath: //input[@id='quantity_wanted']]<br>
2022-05-16 16:05:498 INFO  ProductPage :104 - Enter text 2 to email field [[ChromeDriver: chrome on WINDOWS (70b2148fd22a1f1ee5b6ec436b952bc4)] -> xpath: //select[@id='group_1']]<br>
2022-05-16 16:05:665 INFO  ProductPage :109 - Selecting text M from dropdown [[ChromeDriver: chrome on WINDOWS (70b2148fd22a1f1ee5b6ec436b952bc4)] -> xpath: //select[@id='group_1']]<br>
2022-05-16 16:05:771 INFO  ProductPage :114 - Clicking on colour [[ChromeDriver: chrome on WINDOWS (70b2148fd22a1f1ee5b6ec436b952bc4)] -> xpath: //label[contains(text(),'Color')]]<br>
2022-05-16 16:05:869 INFO  ProductPage :119 - Clicking on addtoCart [[ChromeDriver: chrome on WINDOWS (70b2148fd22a1f1ee5b6ec436b952bc4)] -> xpath: //span[contains(text(),'Add to cart')]]<br>
2022-05-16 16:05:900 INFO  ProductPage :89 - getting Product Added To CartMessage from [[ChromeDriver: chrome on WINDOWS (70b2148fd22a1f1ee5b6ec436b952bc4)] -> xpath: //h2[normalize-space()='Product successfully added to your shopping cart']]
2022-05-16 16:05:976 INFO  ProductPage :85 - Clicking on CloseButton[[ChromeDriver: chrome on WINDOWS (70b2148fd22a1f1ee5b6ec436b952bc4)] -> xpath: //span[@title='Close window']]
2022-05-16 16:05:957 INFO  ManageDriver :33 - Launching Chrome Browser
2022-05-16 16:05:848 INFO  HomePage :46 - Clicking on sign in click[[ChromeDriver: chrome on WINDOWS (6f7d8b63dd208095559b7b7daa9851a5)] -> xpath: //a[contains(text(),'Sign in')]]<br>
2022-05-16 16:05:153 INFO  SignInPage :92 - Enter email nehamittal@gmail.com to email field [[ChromeDriver: chrome on WINDOWS (6f7d8b63dd208095559b7b7daa9851a5)] -> xpath: //input[@id='email']]<br>
2022-05-16 16:05:324 INFO  SignInPage :97 - Enter password prime123 to email field [[ChromeDriver: chrome on WINDOWS (6f7d8b63dd208095559b7b7daa9851a5)] -> xpath: //input[@id='passwd']]<br>
2022-05-16 16:05:799 INFO  SignInPage :102 - Clicking on signinclick [[ChromeDriver: chrome on WINDOWS (6f7d8b63dd208095559b7b7daa9851a5)] -> xpath: //body[1]/div[1]/div[2]/div[1]/div[3]/div[1]/div[1]/div[2]/form[1]/div[1]/p[2]/button[1]/span[1]]<br>
2022-05-16 16:05:619 INFO  SignInPage :114 - Clicking on signout [[ChromeDriver: chrome on WINDOWS (6f7d8b63dd208095559b7b7daa9851a5)] -> xpath: //header/div[2]/div[1]/div[1]/nav[1]/div[2]/a[1]]<br>
2022-05-16 16:05:73 INFO  ManageDriver :33 - Launching Chrome Browser
2022-05-16 16:05:474 INFO  HomePage :46 - Clicking on sign in click[[ChromeDriver: chrome on WINDOWS (afe6fe8179d55ab612ea582c1ea57af0)] -> xpath: //a[contains(text(),'Sign in')]]<br>
2022-05-16 16:05:740 INFO  SignInPage :92 - Enter email nehamittal@gmail.com to email field [[ChromeDriver: chrome on WINDOWS (afe6fe8179d55ab612ea582c1ea57af0)] -> xpath: //input[@id='email']]<br>
2022-05-16 16:05:952 INFO  SignInPage :97 - Enter password prime123 to email field [[ChromeDriver: chrome on WINDOWS (afe6fe8179d55ab612ea582c1ea57af0)] -> xpath: //input[@id='passwd']]<br>
2022-05-16 16:05:800 INFO  SignInPage :102 - Clicking on signinclick [[ChromeDriver: chrome on WINDOWS (afe6fe8179d55ab612ea582c1ea57af0)] -> xpath: //body[1]/div[1]/div[2]/div[1]/div[3]/div[1]/div[1]/div[2]/form[1]/div[1]/p[2]/button[1]/span[1]]<br>
2022-05-16 16:05:743 INFO  SignInPage :114 - Clicking on signout [[ChromeDriver: chrome on WINDOWS (afe6fe8179d55ab612ea582c1ea57af0)] -> xpath: //header/div[2]/div[1]/div[1]/nav[1]/div[2]/a[1]]<br>
2022-05-16 16:05:116 INFO  ManageDriver :33 - Launching Chrome Browser
2022-05-16 16:05:432 INFO  HomePage :46 - Clicking on sign in click[[ChromeDriver: chrome on WINDOWS (130e56b2a904f581846a024e0d01bb13)] -> xpath: //a[contains(text(),'Sign in')]]<br>
2022-05-16 16:05:731 INFO  SignInPage :92 - Enter email nehamittal@gmail.com to email field [[ChromeDriver: chrome on WINDOWS (130e56b2a904f581846a024e0d01bb13)] -> xpath: //input[@id='email']]<br>
2022-05-16 16:05:983 INFO  SignInPage :97 - Enter password prime123 to email field [[ChromeDriver: chrome on WINDOWS (130e56b2a904f581846a024e0d01bb13)] -> xpath: //input[@id='passwd']]<br>
2022-05-16 16:05:364 INFO  HomePage :46 - Clicking on sign in click[[ChromeDriver: chrome on WINDOWS (130e56b2a904f581846a024e0d01bb13)] -> xpath: //a[contains(text(),'Sign in')]]<br>
2022-05-16 16:05:702 INFO  SignInPage :114 - Clicking on signout [[ChromeDriver: chrome on WINDOWS (130e56b2a904f581846a024e0d01bb13)] -> xpath: //header/div[2]/div[1]/div[1]/nav[1]/div[2]/a[1]]<br>
2022-05-16 16:05:310 INFO  ManageDriver :33 - Launching Chrome Browser
2022-05-16 16:05:276 INFO  HomePage :46 - Clicking on sign in click[[ChromeDriver: chrome on WINDOWS (d1da8d1d3d2425b1c50672d457977424)] -> xpath: //a[contains(text(),'Sign in')]]<br>
2022-05-16 16:05:605 INFO  SignInPage :92 - Enter email nehamittal@gmail.com to email field [[ChromeDriver: chrome on WINDOWS (d1da8d1d3d2425b1c50672d457977424)] -> xpath: //input[@id='email']]<br>
2022-05-16 16:05:767 INFO  SignInPage :97 - Enter password prime123 to email field [[ChromeDriver: chrome on WINDOWS (d1da8d1d3d2425b1c50672d457977424)] -> xpath: //input[@id='passwd']]<br>
2022-05-16 16:05:04 INFO  HomePage :46 - Clicking on sign in click[[ChromeDriver: chrome on WINDOWS (d1da8d1d3d2425b1c50672d457977424)] -> xpath: //a[contains(text(),'Sign in')]]<br>
2022-05-16 16:05:874 INFO  ManageDriver :33 - Launching Chrome Browser
2022-05-16 16:05:279 INFO  HomePage :46 - Clicking on sign in click[[ChromeDriver: chrome on WINDOWS (fa28a3fb6bfe624e044d951f215d1232)] -> xpath: //a[contains(text(),'Sign in')]]<br>
2022-05-16 16:05:473 INFO  SignInPage :92 - Enter email nehamittal@gmail.com to email field [[ChromeDriver: chrome on WINDOWS (fa28a3fb6bfe624e044d951f215d1232)] -> xpath: //input[@id='email']]<br>
2022-05-16 16:05:670 INFO  SignInPage :97 - Enter password prime123 to email field [[ChromeDriver: chrome on WINDOWS (fa28a3fb6bfe624e044d951f215d1232)] -> xpath: //input[@id='passwd']]<br>
2022-05-16 16:05:199 INFO  HomePage :46 - Clicking on sign in click[[ChromeDriver: chrome on WINDOWS (fa28a3fb6bfe624e044d951f215d1232)] -> xpath: //a[contains(text(),'Sign in')]]<br>
2022-05-16 16:05:311 INFO  ManageDriver :33 - Launching Chrome Browser
2022-05-16 16:05:714 INFO  HomePage :46 - Clicking on sign in click[[ChromeDriver: chrome on WINDOWS (78113d14a35a874a57266b99993a042c)] -> xpath: //a[contains(text(),'Sign in')]]<br>
2022-05-16 16:05:952 INFO  SignInPage :92 - Enter email nehamittal@gmail.com to email field [[ChromeDriver: chrome on WINDOWS (78113d14a35a874a57266b99993a042c)] -> xpath: //input[@id='email']]<br>
2022-05-16 16:05:153 INFO  SignInPage :97 - Enter password prime123 to email field [[ChromeDriver: chrome on WINDOWS (78113d14a35a874a57266b99993a042c)] -> xpath: //input[@id='passwd']]<br>
2022-05-16 16:05:975 INFO  HomePage :46 - Clicking on sign in click[[ChromeDriver: chrome on WINDOWS (78113d14a35a874a57266b99993a042c)] -> xpath: //a[contains(text(),'Sign in')]]<br>
2022-05-16 16:05:04 INFO  SignInPage :117 - getting signout  text from [[ChromeDriver: chrome on WINDOWS (78113d14a35a874a57266b99993a042c)] -> xpath: //header/div[2]/div[1]/div[1]/nav[1]/div[2]/a[1]]<br>
2022-05-16 16:05:903 INFO  ManageDriver :33 - Launching Chrome Browser
2022-05-16 16:05:787 INFO  HomePage :46 - Clicking on sign in click[[ChromeDriver: chrome on WINDOWS (62b99ab5f666067d5325010c7d01b673)] -> xpath: //a[contains(text(),'Sign in')]]<br>
2022-05-16 16:05:09 INFO  SignInPage :92 - Enter email nehamittal@gmail.com to email field [[ChromeDriver: chrome on WINDOWS (62b99ab5f666067d5325010c7d01b673)] -> xpath: //input[@id='email']]<br>
2022-05-16 16:05:197 INFO  SignInPage :97 - Enter password prime123 to email field [[ChromeDriver: chrome on WINDOWS (62b99ab5f666067d5325010c7d01b673)] -> xpath: //input[@id='passwd']]<br>
2022-05-16 16:05:826 INFO  HomePage :46 - Clicking on sign in click[[ChromeDriver: chrome on WINDOWS (62b99ab5f666067d5325010c7d01b673)] -> xpath: //a[contains(text(),'Sign in')]]<br>
2022-05-16 16:05:858 INFO  SignInPage :117 - getting signout  text from Proxy element for: DefaultElementLocator 'By.xpath: //a[@title='Log me out']'<br>
2022-05-16 16:05:931 INFO  ManageDriver :33 - Launching Chrome Browser
2022-05-16 16:05:851 INFO  HomePage :46 - Clicking on sign in click[[ChromeDriver: chrome on WINDOWS (6d7079749e0002de65e8ea4f4da28dd1)] -> xpath: //a[contains(text(),'Sign in')]]<br>
2022-05-16 16:05:131 INFO  SignInPage :92 - Enter email nehamittal@gmail.com to email field [[ChromeDriver: chrome on WINDOWS (6d7079749e0002de65e8ea4f4da28dd1)] -> xpath: //input[@id='email']]<br>
2022-05-16 16:05:331 INFO  SignInPage :97 - Enter password prime123 to email field [[ChromeDriver: chrome on WINDOWS (6d7079749e0002de65e8ea4f4da28dd1)] -> xpath: //input[@id='passwd']]<br>
2022-05-16 16:05:380 INFO  SignInPage :102 - Clicking on signinclick [[ChromeDriver: chrome on WINDOWS (6d7079749e0002de65e8ea4f4da28dd1)] -> xpath: //body[1]/div[1]/div[2]/div[1]/div[3]/div[1]/div[1]/div[2]/form[1]/div[1]/p[2]/button[1]/span[1]]<br>
2022-05-16 16:05:941 INFO  SignInPage :114 - Clicking on signout [[ChromeDriver: chrome on WINDOWS (6d7079749e0002de65e8ea4f4da28dd1)] -> xpath: //header/div[2]/div[1]/div[1]/nav[1]/div[2]/a[1]]<br>
2022-05-16 16:05:01 INFO  SignInPage :126 - getting signout text from Proxy element for: DefaultElementLocator 'By.xpath: //a[@title='Log me out']'
2022-05-16 16:05:364 INFO  ManageDriver :33 - Launching Chrome Browser
2022-05-16 16:05:917 INFO  HomePage :46 - Clicking on sign in click[[ChromeDriver: chrome on WINDOWS (bd8c4145c9a69a8056ad51bc16402537)] -> xpath: //a[contains(text(),'Sign in')]]<br>
2022-05-16 16:05:141 INFO  SignInPage :91 - Enter email nehamittal@gmail.com to email field [[ChromeDriver: chrome on WINDOWS (bd8c4145c9a69a8056ad51bc16402537)] -> xpath: //input[@id='email']]<br>
2022-05-16 16:05:320 INFO  SignInPage :96 - Enter password prime123 to email field [[ChromeDriver: chrome on WINDOWS (bd8c4145c9a69a8056ad51bc16402537)] -> xpath: //input[@id='passwd']]<br>
2022-05-16 16:05:969 INFO  SignInPage :101 - Clicking on signinclick [[ChromeDriver: chrome on WINDOWS (bd8c4145c9a69a8056ad51bc16402537)] -> xpath: //body[1]/div[1]/div[2]/div[1]/div[3]/div[1]/div[1]/div[2]/form[1]/div[1]/p[2]/button[1]/span[1]]<br>
2022-05-16 16:05:951 INFO  SignInPage :113 - Clicking on signout [[ChromeDriver: chrome on WINDOWS (bd8c4145c9a69a8056ad51bc16402537)] -> xpath: //header/div[2]/div[1]/div[1]/nav[1]/div[2]/a[1]]<br>
2022-05-16 16:05:978 INFO  SignInPage :125 - getting signout text from [[ChromeDriver: chrome on WINDOWS (bd8c4145c9a69a8056ad51bc16402537)] -> xpath: //a[contains(text(),'Sign in')]]
2022-05-16 17:05:103 INFO  ManageDriver :33 - Launching Chrome Browser
2022-05-16 17:05:542 INFO  HomePage :46 - Clicking on sign in click[[ChromeDriver: chrome on WINDOWS (c5aacab0dcee6e5336636db6b96c0a9f)] -> xpath: //a[contains(text(),'Sign in')]]<br>
2022-05-16 17:05:776 INFO  CreateAccountPage :105 - Enter email juhichavla1@gmail.com to email field [[ChromeDriver: chrome on WINDOWS (c5aacab0dcee6e5336636db6b96c0a9f)] -> xpath: //input[@id='email_create']]<br>
2022-05-16 17:05:918 INFO  CreateAccountPage :111 - Clicking on CreateAccount[[ChromeDriver: chrome on WINDOWS (c5aacab0dcee6e5336636db6b96c0a9f)] -> xpath: //body[1]/div[1]/div[2]/div[1]/div[3]/div[1]/div[1]/div[1]/form[1]/div[1]/div[3]/button[1]/span[1]]<br>
2022-05-16 17:05:217 INFO  ManageDriver :33 - Launching Chrome Browser
2022-05-16 17:05:290 INFO  ManageDriver :33 - Launching Chrome Browser
2022-05-16 17:05:716 INFO  HomePage :46 - Clicking on sign in click[[ChromeDriver: chrome on WINDOWS (11db8318c699b9b48ac3a0dc37ee8d11)] -> xpath: //a[contains(text(),'Sign in')]]<br>
2022-05-16 17:05:996 INFO  CreateAccountPage :105 - Enter email juhichavla2@gmail.com to email field [[ChromeDriver: chrome on WINDOWS (11db8318c699b9b48ac3a0dc37ee8d11)] -> xpath: //input[@id='email_create']]<br>
2022-05-16 17:05:137 INFO  CreateAccountPage :111 - Clicking on CreateAccount[[ChromeDriver: chrome on WINDOWS (11db8318c699b9b48ac3a0dc37ee8d11)] -> xpath: //body[1]/div[1]/div[2]/div[1]/div[3]/div[1]/div[1]/div[1]/form[1]/div[1]/div[3]/button[1]/span[1]]<br>
2022-05-16 17:05:928 INFO  CreateAccountPage :216 - Enter first name Neha to first name field [[ChromeDriver: chrome on WINDOWS (11db8318c699b9b48ac3a0dc37ee8d11)] -> xpath: //input[@id='customer_firstname']]<br>
2022-05-16 17:05:115 INFO  CreateAccountPage :221 - Enter last name Mittal to last name field [[ChromeDriver: chrome on WINDOWS (11db8318c699b9b48ac3a0dc37ee8d11)] -> xpath: //input[@id='customer_lastname']]<br>
2022-05-16 17:05:268 INFO  CreateAccountPage :210 - Enter password juhi2022 to email field [[ChromeDriver: chrome on WINDOWS (11db8318c699b9b48ac3a0dc37ee8d11)] -> xpath: //input[@id='passwd']]<br>
2022-05-16 17:05:545 INFO  CreateAccountPage :195 - selecting day12[[ChromeDriver: chrome on WINDOWS (11db8318c699b9b48ac3a0dc37ee8d11)] -> xpath: //select[@id='days']]<br>
2022-05-16 17:05:682 INFO  CreateAccountPage :200 - selecting month10[[ChromeDriver: chrome on WINDOWS (11db8318c699b9b48ac3a0dc37ee8d11)] -> id: months]<br>
2022-05-16 17:05:798 INFO  CreateAccountPage :205 - Selecting year 1987 from dropdown [[ChromeDriver: chrome on WINDOWS (11db8318c699b9b48ac3a0dc37ee8d11)] -> id: years]<br>
2022-05-16 17:05:898 INFO  CreateAccountPage :129 - Clicking on newsletter signup[[ChromeDriver: chrome on WINDOWS (11db8318c699b9b48ac3a0dc37ee8d11)] -> xpath: //input[@id='newsletter']]<br>
2022-05-16 17:05:983 INFO  CreateAccountPage :190 - Clicking on special offer click[[ChromeDriver: chrome on WINDOWS (11db8318c699b9b48ac3a0dc37ee8d11)] -> xpath: //input[@id='optin']]<br>
2022-05-16 17:05:92 INFO  CreateAccountPage :216 - Enter first name Juhi to first name field [[ChromeDriver: chrome on WINDOWS (11db8318c699b9b48ac3a0dc37ee8d11)] -> xpath: //input[@id='customer_firstname']]<br>
2022-05-16 17:05:199 INFO  CreateAccountPage :221 - Enter last name Chavla to last name field [[ChromeDriver: chrome on WINDOWS (11db8318c699b9b48ac3a0dc37ee8d11)] -> xpath: //input[@id='customer_lastname']]<br>
2022-05-16 17:05:357 INFO  CreateAccountPage :235 - Enter text Everystep Ltd to email field [[ChromeDriver: chrome on WINDOWS (11db8318c699b9b48ac3a0dc37ee8d11)] -> xpath: //input[@id='company']]<br>
2022-05-16 17:05:509 INFO  CreateAccountPage :134 - Enter address 17 Lyon Road to email field [[ChromeDriver: chrome on WINDOWS (11db8318c699b9b48ac3a0dc37ee8d11)] -> xpath: //input[@id='address1']]<br>
2022-05-16 17:05:734 INFO  CreateAccountPage :144 - Enter city London to email field [[ChromeDriver: chrome on WINDOWS (11db8318c699b9b48ac3a0dc37ee8d11)] -> xpath: //input[@id='city']]<br>
2022-05-16 17:05:847 INFO  CreateAccountPage :149 - Selecting state Ohio from dropdown [[ChromeDriver: chrome on WINDOWS (11db8318c699b9b48ac3a0dc37ee8d11)] -> xpath: //select[@id='id_state']]<br>
2022-05-16 17:05:985 INFO  CreateAccountPage :154 - Enter code 32145 to email field [[ChromeDriver: chrome on WINDOWS (11db8318c699b9b48ac3a0dc37ee8d11)] -> xpath: //input[@id='postcode']]<br>
2022-05-16 17:05:50 INFO  CreateAccountPage :159 - Selecting country United States from dropdown [[ChromeDriver: chrome on WINDOWS (11db8318c699b9b48ac3a0dc37ee8d11)] -> xpath: //select[@id='id_country']]<br>
2022-05-16 17:05:151 INFO  CreateAccountPage :164 - Enter additional Information Hello to email field [[ChromeDriver: chrome on WINDOWS (11db8318c699b9b48ac3a0dc37ee8d11)] -> xpath: //textarea[@id='other']]<br>
2022-05-16 17:05:283 INFO  CreateAccountPage :169 - Enter Phone 123456789 to email field [[ChromeDriver: chrome on WINDOWS (11db8318c699b9b48ac3a0dc37ee8d11)] -> xpath: //input[@id='phone']]<br>
2022-05-16 17:05:415 INFO  CreateAccountPage :174 - Enter mP hone08545256589 to email field [[ChromeDriver: chrome on WINDOWS (11db8318c699b9b48ac3a0dc37ee8d11)] -> xpath: //input[@id='phone_mobile']]<br>
2022-05-16 17:05:558 INFO  CreateAccountPage :179 - Enter assign address My address to email field [[ChromeDriver: chrome on WINDOWS (11db8318c699b9b48ac3a0dc37ee8d11)] -> xpath: //input[@id='alias']]<br>
2022-05-16 17:05:56 INFO  CreateAccountPage :184 - Clicking on register Btn Click [[ChromeDriver: chrome on WINDOWS (11db8318c699b9b48ac3a0dc37ee8d11)] -> xpath: //body[1]/div[1]/div[2]/div[1]/div[3]/div[1]/div[1]/form[1]/div[4]/button[1]/span[1]]<br>
2022-05-16 17:05:87 INFO  CreateAccountPage :114 - getting varify Myaccount Text  from [[ChromeDriver: chrome on WINDOWS (11db8318c699b9b48ac3a0dc37ee8d11)] -> xpath: //h1[contains(text(),'My account')]]<br>
2022-05-16 17:05:181 INFO  ManageDriver :33 - Launching Chrome Browser
2022-05-16 17:05:410 INFO  HomePage :46 - Clicking on sign in click[[ChromeDriver: chrome on WINDOWS (b27334427265cc2f1a38b54d20f3823b)] -> xpath: //a[contains(text(),'Sign in')]]<br>
2022-05-16 17:05:442 INFO  SignInPage :71 - getting create a Authentification text from [[ChromeDriver: chrome on WINDOWS (b27334427265cc2f1a38b54d20f3823b)] -> xpath: //h1[contains(text(),'Authentication')]]<br>
2022-05-16 17:05:739 INFO  ManageDriver :33 - Launching Chrome Browser
2022-05-16 17:05:197 INFO  HomePage :46 - Clicking on sign in click[[ChromeDriver: chrome on WINDOWS (a18b67880a214e7c347ecfae925e2669)] -> xpath: //a[contains(text(),'Sign in')]]<br>
2022-05-16 17:05:300 INFO  SignInPage :91 - Enter email  to email field [[ChromeDriver: chrome on WINDOWS (a18b67880a214e7c347ecfae925e2669)] -> xpath: //input[@id='email']]<br>
2022-05-16 17:05:477 INFO  SignInPage :96 - Enter password 123456 to email field [[ChromeDriver: chrome on WINDOWS (a18b67880a214e7c347ecfae925e2669)] -> xpath: //input[@id='passwd']]<br>
2022-05-16 17:05:369 INFO  SignInPage :101 - Clicking on signinclick [[ChromeDriver: chrome on WINDOWS (a18b67880a214e7c347ecfae925e2669)] -> xpath: //body[1]/div[1]/div[2]/div[1]/div[3]/div[1]/div[1]/div[2]/form[1]/div[1]/p[2]/button[1]/span[1]]<br>
2022-05-16 17:05:390 INFO  SignInPage :121 - getting Error text from [[ChromeDriver: chrome on WINDOWS (a18b67880a214e7c347ecfae925e2669)] -> xpath: //div[@class='alert alert-danger']//li]
2022-05-16 17:05:393 INFO  ManageDriver :33 - Launching Chrome Browser
2022-05-16 17:05:506 INFO  HomePage :46 - Clicking on sign in click[[ChromeDriver: chrome on WINDOWS (b9c85e7eee5105cf0ce33d392c9334f7)] -> xpath: //a[contains(text(),'Sign in')]]<br>
2022-05-16 17:05:658 INFO  SignInPage :91 - Enter email abcd@gmail.com to email field [[ChromeDriver: chrome on WINDOWS (b9c85e7eee5105cf0ce33d392c9334f7)] -> xpath: //input[@id='email']]<br>
2022-05-16 17:05:828 INFO  SignInPage :96 - Enter password  to email field [[ChromeDriver: chrome on WINDOWS (b9c85e7eee5105cf0ce33d392c9334f7)] -> xpath: //input[@id='passwd']]<br>
2022-05-16 17:05:739 INFO  SignInPage :101 - Clicking on signinclick [[ChromeDriver: chrome on WINDOWS (b9c85e7eee5105cf0ce33d392c9334f7)] -> xpath: //body[1]/div[1]/div[2]/div[1]/div[3]/div[1]/div[1]/div[2]/form[1]/div[1]/p[2]/button[1]/span[1]]<br>
2022-05-16 17:05:760 INFO  SignInPage :121 - getting Error text from [[ChromeDriver: chrome on WINDOWS (b9c85e7eee5105cf0ce33d392c9334f7)] -> xpath: //div[@class='alert alert-danger']//li]
2022-05-16 17:05:797 INFO  ManageDriver :33 - Launching Chrome Browser
2022-05-16 17:05:662 INFO  HomePage :46 - Clicking on sign in click[[ChromeDriver: chrome on WINDOWS (dedeb5b515792b24bec1b94a524e8fb5)] -> xpath: //a[contains(text(),'Sign in')]]<br>
2022-05-16 17:05:817 INFO  SignInPage :91 - Enter email adfdfgfg to email field [[ChromeDriver: chrome on WINDOWS (dedeb5b515792b24bec1b94a524e8fb5)] -> xpath: //input[@id='email']]<br>
2022-05-16 17:05:47 INFO  SignInPage :96 - Enter password 123456 to email field [[ChromeDriver: chrome on WINDOWS (dedeb5b515792b24bec1b94a524e8fb5)] -> xpath: //input[@id='passwd']]<br>
2022-05-16 17:05:332 INFO  SignInPage :101 - Clicking on signinclick [[ChromeDriver: chrome on WINDOWS (dedeb5b515792b24bec1b94a524e8fb5)] -> xpath: //body[1]/div[1]/div[2]/div[1]/div[3]/div[1]/div[1]/div[2]/form[1]/div[1]/p[2]/button[1]/span[1]]<br>
2022-05-16 17:05:354 INFO  SignInPage :121 - getting Error text from [[ChromeDriver: chrome on WINDOWS (dedeb5b515792b24bec1b94a524e8fb5)] -> xpath: //div[@class='alert alert-danger']//li]
2022-05-16 17:05:722 INFO  ManageDriver :33 - Launching Chrome Browser
2022-05-16 17:05:630 INFO  HomePage :46 - Clicking on sign in click[[ChromeDriver: chrome on WINDOWS (11a28f2942739f20fc1c813ff1f598f3)] -> xpath: //a[contains(text(),'Sign in')]]<br>
2022-05-16 17:05:789 INFO  SignInPage :91 - Enter email abcd@gmail.com to email field [[ChromeDriver: chrome on WINDOWS (11a28f2942739f20fc1c813ff1f598f3)] -> xpath: //input[@id='email']]<br>
2022-05-16 17:05:04 INFO  SignInPage :96 - Enter password 123456 to email field [[ChromeDriver: chrome on WINDOWS (11a28f2942739f20fc1c813ff1f598f3)] -> xpath: //input[@id='passwd']]<br>
2022-05-16 17:05:950 INFO  SignInPage :101 - Clicking on signinclick [[ChromeDriver: chrome on WINDOWS (11a28f2942739f20fc1c813ff1f598f3)] -> xpath: //body[1]/div[1]/div[2]/div[1]/div[3]/div[1]/div[1]/div[2]/form[1]/div[1]/p[2]/button[1]/span[1]]<br>
2022-05-16 17:05:977 INFO  SignInPage :121 - getting Error text from [[ChromeDriver: chrome on WINDOWS (11a28f2942739f20fc1c813ff1f598f3)] -> xpath: //div[@class='alert alert-danger']//li]
2022-05-16 17:05:29 INFO  ManageDriver :33 - Launching Chrome Browser
2022-05-16 17:05:803 INFO  HomePage :46 - Clicking on sign in click[[ChromeDriver: chrome on WINDOWS (ba3ef121404566fd784558e332008dc9)] -> xpath: //a[contains(text(),'Sign in')]]<br>
2022-05-16 17:05:12 INFO  SignInPage :91 - Enter email nehamittal@gmail.com to email field [[ChromeDriver: chrome on WINDOWS (ba3ef121404566fd784558e332008dc9)] -> xpath: //input[@id='email']]<br>
2022-05-16 17:05:181 INFO  SignInPage :96 - Enter password prime123 to email field [[ChromeDriver: chrome on WINDOWS (ba3ef121404566fd784558e332008dc9)] -> xpath: //input[@id='passwd']]<br>
2022-05-16 17:05:911 INFO  HomePage :46 - Clicking on sign in click[[ChromeDriver: chrome on WINDOWS (ba3ef121404566fd784558e332008dc9)] -> xpath: //a[contains(text(),'Sign in')]]<br>
2022-05-16 17:05:937 INFO  SignInPage :116 - getting signout  text from [[ChromeDriver: chrome on WINDOWS (ba3ef121404566fd784558e332008dc9)] -> xpath: //header/div[2]/div[1]/div[1]/nav[1]/div[2]/a[1]]<br>
2022-05-16 17:05:989 INFO  ManageDriver :33 - Launching Chrome Browser
2022-05-16 17:05:851 INFO  HomePage :46 - Clicking on sign in click[[ChromeDriver: chrome on WINDOWS (3f6adc95ca9689cbdb56e45734be1de5)] -> xpath: //a[contains(text(),'Sign in')]]<br>
2022-05-16 17:05:60 INFO  SignInPage :91 - Enter email nehamittal@gmail.com to email field [[ChromeDriver: chrome on WINDOWS (3f6adc95ca9689cbdb56e45734be1de5)] -> xpath: //input[@id='email']]<br>
2022-05-16 17:05:277 INFO  SignInPage :96 - Enter password prime123 to email field [[ChromeDriver: chrome on WINDOWS (3f6adc95ca9689cbdb56e45734be1de5)] -> xpath: //input[@id='passwd']]<br>
2022-05-16 17:05:688 INFO  SignInPage :101 - Clicking on signinclick [[ChromeDriver: chrome on WINDOWS (3f6adc95ca9689cbdb56e45734be1de5)] -> xpath: //body[1]/div[1]/div[2]/div[1]/div[3]/div[1]/div[1]/div[2]/form[1]/div[1]/p[2]/button[1]/span[1]]<br>
2022-05-16 17:05:339 INFO  SignInPage :113 - Clicking on signout [[ChromeDriver: chrome on WINDOWS (3f6adc95ca9689cbdb56e45734be1de5)] -> xpath: //header/div[2]/div[1]/div[1]/nav[1]/div[2]/a[1]]<br>
2022-05-16 17:05:374 INFO  SignInPage :125 - getting signout text from [[ChromeDriver: chrome on WINDOWS (3f6adc95ca9689cbdb56e45734be1de5)] -> xpath: //a[contains(text(),'Sign in')]]
2022-05-16 17:05:392 INFO  ManageDriver :33 - Launching Chrome Browser
2022-05-16 17:05:139 INFO  HomePage :52 - Clicking on woman top Menu[[ChromeDriver: chrome on WINDOWS (26a88e5316d6bbe7a24261fe2e86cfb6)] -> xpath: //a[@title='Women']]<br>
2022-05-16 17:05:168 INFO  WomanCategoryPage :41 - getting woman Text   [[ChromeDriver: chrome on WINDOWS (26a88e5316d6bbe7a24261fe2e86cfb6)] -> xpath: //span[@class='category-name']]<br>
2022-05-16 17:05:188 INFO  ManageDriver :33 - Launching Chrome Browser
2022-05-16 17:05:650 INFO  HomePage :52 - Clicking on woman top Menu[[ChromeDriver: chrome on WINDOWS (e6b3ad7d960e0d29dfa7fdbf9b9df3b6)] -> xpath: //a[@title='Women']]<br>
2022-05-16 17:05:205 INFO  ProductPage :162 - Clicking on Blouse [[ChromeDriver: chrome on WINDOWS (e6b3ad7d960e0d29dfa7fdbf9b9df3b6)] -> xpath: //body/div[@id='page']/div[2]/div[1]/div[3]/div[2]/ul[1]/li[2]/div[1]/div[2]/h5[1]/a[1]]
2022-05-16 17:05:306 INFO  ProductPage :99 - Clicking on clear Qty [[ChromeDriver: chrome on WINDOWS (e6b3ad7d960e0d29dfa7fdbf9b9df3b6)] -> xpath: //input[@id='quantity_wanted']]<br>
2022-05-16 17:05:396 INFO  ProductPage :104 - Enter text 2 to email field [[ChromeDriver: chrome on WINDOWS (e6b3ad7d960e0d29dfa7fdbf9b9df3b6)] -> xpath: //select[@id='group_1']]<br>
2022-05-16 17:05:556 INFO  ProductPage :109 - Selecting text M from dropdown [[ChromeDriver: chrome on WINDOWS (e6b3ad7d960e0d29dfa7fdbf9b9df3b6)] -> xpath: //select[@id='group_1']]<br>
2022-05-16 17:05:658 INFO  ProductPage :114 - Clicking on colour [[ChromeDriver: chrome on WINDOWS (e6b3ad7d960e0d29dfa7fdbf9b9df3b6)] -> xpath: //label[contains(text(),'Color')]]<br>
2022-05-16 17:05:757 INFO  ProductPage :119 - Clicking on addtoCart [[ChromeDriver: chrome on WINDOWS (e6b3ad7d960e0d29dfa7fdbf9b9df3b6)] -> xpath: //span[contains(text(),'Add to cart')]]<br>
2022-05-16 17:05:775 INFO  ProductPage :89 - getting Product Added To CartMessage from [[ChromeDriver: chrome on WINDOWS (e6b3ad7d960e0d29dfa7fdbf9b9df3b6)] -> xpath: //h2[normalize-space()='Product successfully added to your shopping cart']]
2022-05-16 17:05:901 INFO  ManageDriver :33 - Launching Chrome Browser
2022-05-16 17:05:672 INFO  HomePage :52 - Clicking on woman top Menu[[ChromeDriver: chrome on WINDOWS (491174d5f5b0c29724a82127e24ec2d6)] -> xpath: //a[@title='Women']]<br>
2022-05-16 17:05:709 INFO  ProductPage :168 - Clicking on Printed Dress [[ChromeDriver: chrome on WINDOWS (491174d5f5b0c29724a82127e24ec2d6)] -> xpath: //body/div[@id='page']/div[2]/div[1]/div[3]/div[2]/ul[1]/li[3]/div[1]/div[2]/h5[1]/a[1]]
2022-05-16 17:05:818 INFO  ProductPage :99 - Clicking on clear Qty [[ChromeDriver: chrome on WINDOWS (491174d5f5b0c29724a82127e24ec2d6)] -> xpath: //input[@id='quantity_wanted']]<br>
2022-05-16 17:05:929 INFO  ProductPage :104 - Enter text 3 to email field [[ChromeDriver: chrome on WINDOWS (491174d5f5b0c29724a82127e24ec2d6)] -> xpath: //select[@id='group_1']]<br>
2022-05-16 17:05:79 INFO  ProductPage :109 - Selecting text L from dropdown [[ChromeDriver: chrome on WINDOWS (491174d5f5b0c29724a82127e24ec2d6)] -> xpath: //select[@id='group_1']]<br>
2022-05-16 17:05:169 INFO  ProductPage :114 - Clicking on colour [[ChromeDriver: chrome on WINDOWS (491174d5f5b0c29724a82127e24ec2d6)] -> xpath: //label[contains(text(),'Color')]]<br>
2022-05-16 17:05:255 INFO  ProductPage :119 - Clicking on addtoCart [[ChromeDriver: chrome on WINDOWS (491174d5f5b0c29724a82127e24ec2d6)] -> xpath: //span[contains(text(),'Add to cart')]]<br>
2022-05-16 17:05:292 INFO  ProductPage :89 - getting Product Added To CartMessage from [[ChromeDriver: chrome on WINDOWS (491174d5f5b0c29724a82127e24ec2d6)] -> xpath: //h2[normalize-space()='Product successfully added to your shopping cart']]
2022-05-16 17:05:377 INFO  ManageDriver :33 - Launching Chrome Browser
2022-05-16 17:05:136 INFO  HomePage :52 - Clicking on woman top Menu[[ChromeDriver: chrome on WINDOWS (6b9e4e95a410492e3c750c345891c599)] -> xpath: //a[@title='Women']]<br>
2022-05-16 17:05:558 INFO  ProductPage :172 - Clicking on Printed Chiffon Dress [[ChromeDriver: chrome on WINDOWS (6b9e4e95a410492e3c750c345891c599)] -> xpath: //a[contains(text(),'Printed Chiffon Dress')]]
2022-05-16 17:05:690 INFO  ProductPage :99 - Clicking on clear Qty [[ChromeDriver: chrome on WINDOWS (6b9e4e95a410492e3c750c345891c599)] -> xpath: //input[@id='quantity_wanted']]<br>
2022-05-16 17:05:819 INFO  ProductPage :104 - Enter text 4 to email field [[ChromeDriver: chrome on WINDOWS (6b9e4e95a410492e3c750c345891c599)] -> xpath: //select[@id='group_1']]<br>
2022-05-16 17:05:874 INFO  ProductPage :109 - Selecting text S from dropdown [[ChromeDriver: chrome on WINDOWS (6b9e4e95a410492e3c750c345891c599)] -> xpath: //select[@id='group_1']]<br>
2022-05-16 17:05:953 INFO  ProductPage :114 - Clicking on colour [[ChromeDriver: chrome on WINDOWS (6b9e4e95a410492e3c750c345891c599)] -> xpath: //label[contains(text(),'Color')]]<br>
2022-05-16 17:05:40 INFO  ProductPage :119 - Clicking on addtoCart [[ChromeDriver: chrome on WINDOWS (6b9e4e95a410492e3c750c345891c599)] -> xpath: //span[contains(text(),'Add to cart')]]<br>
2022-05-16 17:05:100 INFO  ProductPage :89 - getting Product Added To CartMessage from [[ChromeDriver: chrome on WINDOWS (6b9e4e95a410492e3c750c345891c599)] -> xpath: //h2[normalize-space()='Product successfully added to your shopping cart']]
2022-05-16 17:05:170 INFO  ProductPage :85 - Clicking on CloseButton[[ChromeDriver: chrome on WINDOWS (6b9e4e95a410492e3c750c345891c599)] -> xpath: //span[@title='Close window']]
2022-05-16 17:05:349 INFO  ManageDriver :33 - Launching Chrome Browser
2022-05-16 17:05:912 INFO  HomePage :52 - Clicking on woman top Menu[[ChromeDriver: chrome on WINDOWS (ec06d0e3cd3fd2b21622dfdb83a60feb)] -> xpath: //a[@title='Women']]<br>
2022-05-16 17:05:527 INFO  ProductPage :176 - Clicking on Printed Summer Dress with Price tag $28.98 [[ChromeDriver: chrome on WINDOWS (ec06d0e3cd3fd2b21622dfdb83a60feb)] -> xpath: //body/div[@id='page']/div[2]/div[1]/div[3]/div[2]/ul[1]/li[4]/div[1]/div[2]/h5[1]/a[1]]
2022-05-16 17:05:680 INFO  ProductPage :99 - Clicking on clear Qty [[ChromeDriver: chrome on WINDOWS (ec06d0e3cd3fd2b21622dfdb83a60feb)] -> xpath: //input[@id='quantity_wanted']]<br>
2022-05-16 17:05:806 INFO  ProductPage :104 - Enter text 2 to email field [[ChromeDriver: chrome on WINDOWS (ec06d0e3cd3fd2b21622dfdb83a60feb)] -> xpath: //select[@id='group_1']]<br>
2022-05-16 17:05:975 INFO  ProductPage :109 - Selecting text M from dropdown [[ChromeDriver: chrome on WINDOWS (ec06d0e3cd3fd2b21622dfdb83a60feb)] -> xpath: //select[@id='group_1']]<br>
2022-05-16 17:05:58 INFO  ProductPage :114 - Clicking on colour [[ChromeDriver: chrome on WINDOWS (ec06d0e3cd3fd2b21622dfdb83a60feb)] -> xpath: //label[contains(text(),'Color')]]<br>
2022-05-16 17:05:153 INFO  ProductPage :119 - Clicking on addtoCart [[ChromeDriver: chrome on WINDOWS (ec06d0e3cd3fd2b21622dfdb83a60feb)] -> xpath: //span[contains(text(),'Add to cart')]]<br>
2022-05-16 17:05:171 INFO  ProductPage :89 - getting Product Added To CartMessage from [[ChromeDriver: chrome on WINDOWS (ec06d0e3cd3fd2b21622dfdb83a60feb)] -> xpath: //h2[normalize-space()='Product successfully added to your shopping cart']]
2022-05-16 17:05:245 INFO  ProductPage :85 - Clicking on CloseButton[[ChromeDriver: chrome on WINDOWS (ec06d0e3cd3fd2b21622dfdb83a60feb)] -> xpath: //span[@title='Close window']]
